<?xml version="1.0" encoding="UTF-8"?>
<testng-results skipped="0" failed="0" total="2" passed="2">
  <reporter-output>
  </reporter-output>
  <suite name="FREE CRM Application Test Automation Test Suite" duration-ms="3594" started-at="2018-06-05T17:06:21Z" finished-at="2018-06-05T17:06:24Z">
    <groups>
    </groups>
    <test name="Make my Trip Test Cases" duration-ms="3594" started-at="2018-06-05T17:06:21Z" finished-at="2018-06-05T17:06:24Z">
      <class name="com.qa.test.LoginPageTest">
        <test-method status="PASS" signature="test1()[pri:0, instance:com.qa.test.LoginPageTest@13c78c0b]" name="test1" is-config="true" duration-ms="17669" started-at="2018-06-05T22:36:03Z" finished-at="2018-06-05T22:36:21Z">
          <reporter-output>
          </reporter-output>
        </test-method> <!-- test1 -->
        <test-method status="PASS" signature="test2()[pri:0, instance:com.qa.test.LoginPageTest@13c78c0b]" name="test2" duration-ms="431" started-at="2018-06-05T22:36:21Z" finished-at="2018-06-05T22:36:21Z">
          <reporter-output>
          </reporter-output>
        </test-method> <!-- test2 -->
        <test-method status="PASS" signature="test3()[pri:0, instance:com.qa.test.LoginPageTest@13c78c0b]" name="test3" duration-ms="3143" started-at="2018-06-05T22:36:21Z" finished-at="2018-06-05T22:36:24Z">
          <reporter-output>
          </reporter-output>
        </test-method> <!-- test3 -->
        <test-method status="PASS" signature="tearDown()[pri:0, instance:com.qa.test.LoginPageTest@13c78c0b]" name="tearDown" is-config="true" duration-ms="1807" started-at="2018-06-05T22:36:25Z" finished-at="2018-06-05T22:36:27Z">
          <reporter-output>
          </reporter-output>
        </test-method> <!-- tearDown -->
      </class> <!-- com.qa.test.LoginPageTest -->
    </test> <!-- Make my Trip Test Cases -->
  </suite> <!-- FREE CRM Application Test Automation Test Suite -->
</testng-results>
