<?xml version="1.0" encoding="UTF-8"?>
<testng-results skipped="0" failed="0" total="2" passed="2">
  <reporter-output>
  </reporter-output>
  <suite name="FREE CRM Application Test Automation Test Suite" duration-ms="2954" started-at="2018-06-05T12:37:03Z" finished-at="2018-06-05T12:37:06Z">
    <groups>
    </groups>
    <test name="Make my Trip Test Cases" duration-ms="2954" started-at="2018-06-05T12:37:03Z" finished-at="2018-06-05T12:37:06Z">
      <class name="com.qa.test.LoginPageTest">
        <test-method status="PASS" signature="test1()[pri:0, instance:com.qa.test.LoginPageTest@13c78c0b]" name="test1" is-config="true" duration-ms="10856" started-at="2018-06-05T18:06:52Z" finished-at="2018-06-05T18:07:03Z">
          <reporter-output>
          </reporter-output>
        </test-method> <!-- test1 -->
        <test-method status="PASS" signature="test2()[pri:0, instance:com.qa.test.LoginPageTest@13c78c0b]" name="test2" duration-ms="389" started-at="2018-06-05T18:07:03Z" finished-at="2018-06-05T18:07:03Z">
          <reporter-output>
          </reporter-output>
        </test-method> <!-- test2 -->
        <test-method status="PASS" signature="test3()[pri:0, instance:com.qa.test.LoginPageTest@13c78c0b]" name="test3" duration-ms="2551" started-at="2018-06-05T18:07:03Z" finished-at="2018-06-05T18:07:06Z">
          <reporter-output>
          </reporter-output>
        </test-method> <!-- test3 -->
        <test-method status="PASS" signature="tearDown()[pri:0, instance:com.qa.test.LoginPageTest@13c78c0b]" name="tearDown" is-config="true" duration-ms="1341" started-at="2018-06-05T18:07:06Z" finished-at="2018-06-05T18:07:08Z">
          <reporter-output>
          </reporter-output>
        </test-method> <!-- tearDown -->
      </class> <!-- com.qa.test.LoginPageTest -->
    </test> <!-- Make my Trip Test Cases -->
  </suite> <!-- FREE CRM Application Test Automation Test Suite -->
</testng-results>
