<?xml version="1.0" encoding="UTF-8"?>
<testng-results skipped="0" failed="0" total="2" passed="2">
  <reporter-output>
  </reporter-output>
  <suite name="FREE CRM Application Test Automation Test Suite" duration-ms="2330" started-at="2018-06-05T12:35:50Z" finished-at="2018-06-05T12:35:52Z">
    <groups>
    </groups>
    <test name="Make my Trip Test Cases" duration-ms="2330" started-at="2018-06-05T12:35:50Z" finished-at="2018-06-05T12:35:52Z">
      <class name="com.qa.test.LoginPageTest">
        <test-method status="PASS" signature="test1()[pri:0, instance:com.qa.test.LoginPageTest@39c0f4a]" name="test1" is-config="true" duration-ms="11929" started-at="2018-06-05T18:05:38Z" finished-at="2018-06-05T18:05:50Z">
          <reporter-output>
          </reporter-output>
        </test-method> <!-- test1 -->
        <test-method status="PASS" signature="test2()[pri:0, instance:com.qa.test.LoginPageTest@39c0f4a]" name="test2" duration-ms="282" started-at="2018-06-05T18:05:50Z" finished-at="2018-06-05T18:05:50Z">
          <reporter-output>
          </reporter-output>
        </test-method> <!-- test2 -->
        <test-method status="PASS" signature="test3()[pri:0, instance:com.qa.test.LoginPageTest@39c0f4a]" name="test3" duration-ms="2025" started-at="2018-06-05T18:05:50Z" finished-at="2018-06-05T18:05:52Z">
          <reporter-output>
          </reporter-output>
        </test-method> <!-- test3 -->
        <test-method status="PASS" signature="tearDown()[pri:0, instance:com.qa.test.LoginPageTest@39c0f4a]" name="tearDown" is-config="true" duration-ms="852" started-at="2018-06-05T18:05:52Z" finished-at="2018-06-05T18:05:53Z">
          <reporter-output>
          </reporter-output>
        </test-method> <!-- tearDown -->
      </class> <!-- com.qa.test.LoginPageTest -->
    </test> <!-- Make my Trip Test Cases -->
  </suite> <!-- FREE CRM Application Test Automation Test Suite -->
</testng-results>
